2024-03-18 16:14:04.7524 - INFO: User profile is available. Using 'C:\Users\dt226537\AppData\Local\ASP.NET\DataProtection-Keys' as key repository and Windows DPAPI to encrypt keys at rest.
2024-03-18 16:14:05.2898 - INFO: Now listening on: https://localhost:7096
2024-03-18 16:14:05.2898 - INFO: Now listening on: http://localhost:5009
2024-03-18 16:14:05.2898 - INFO: Application started. Press Ctrl+C to shut down.
2024-03-18 16:14:05.2898 - INFO: Hosting environment: Development
2024-03-18 16:14:05.2898 - INFO: Content root path: C:\Users\dt226537\OneDrive - SS&C Technologies, Inc\Latest_Files_25Jan2023\Project_Documents\Personal\Michel\New API\NewAPI\NewAPP\WebAPI
2024-03-18 16:14:11.4122 - INFO: Request starting HTTP/2 GET https://localhost:7096/swagger/index.html - - -
2024-03-18 16:14:12.1126 - INFO: Request finished HTTP/2 GET https://localhost:7096/swagger/index.html - 200 - text/html;charset=utf-8 708.1804ms
2024-03-18 16:14:12.1789 - INFO: Request starting HTTP/2 GET https://localhost:7096/_framework/aspnetcore-browser-refresh.js - - -
2024-03-18 16:14:12.2064 - INFO: Request finished HTTP/2 GET https://localhost:7096/_framework/aspnetcore-browser-refresh.js - 200 13748 application/javascript;+charset=utf-8 27.5865ms
2024-03-18 16:14:12.2657 - INFO: Request starting HTTP/2 GET https://localhost:7096/_vs/browserLink - - -
2024-03-18 16:14:12.3814 - INFO: Request finished HTTP/2 GET https://localhost:7096/_vs/browserLink - 200 - text/javascript;+charset=UTF-8 115.9639ms
2024-03-18 16:14:12.7846 - INFO: Request starting HTTP/2 GET https://localhost:7096/swagger/v1/swagger.json - - -
2024-03-18 16:14:13.0425 - INFO: Request finished HTTP/2 GET https://localhost:7096/swagger/v1/swagger.json - 200 - application/json;charset=utf-8 257.9850ms
2024-03-18 16:14:22.3688 - INFO: Request starting HTTP/2 POST https://localhost:7096/api/OrganizationChart - - 0
2024-03-18 16:14:22.3894 - INFO: CORS policy execution successful.
2024-03-18 16:14:22.3894 - INFO: Executing endpoint 'WebAPI.Controllers.OrganizationChartController.Get (WebAPI)'
2024-03-18 16:14:22.4389 - INFO: Route matched with {action = "Get", controller = "OrganizationChart"}. Executing controller action with signature System.Threading.Tasks.Task`1[Microsoft.AspNetCore.Mvc.IActionResult] Get(System.String, System.String, System.String, Int32, Int32) on controller WebAPI.Controllers.OrganizationChartController (WebAPI).
2024-03-18 16:14:25.6189 - INFO: This is an info message
2024-03-18 16:14:25.6189 - WARN: This is a warning message 
2024-03-18 16:14:25.6189 - ERROR: This is an error message
EXCEPTION: System.Exception: Exception of type 'System.Exception' was thrown.
2024-03-18 16:14:30.0611 - INFO: Executed DbCommand (81ms) [Parameters=[], CommandType='Text', CommandTimeout='30']
SELECT COUNT(*)
FROM [org].[OrganizationalChart] AS [o]
2024-03-18 16:14:30.2357 - INFO: Executed DbCommand (13ms) [Parameters=[], CommandType='Text', CommandTimeout='30']
SELECT [o].[ID], [o].[CreatedAt], [o].[Department], [o].[Email], [o].[FK_ProcessID], [o].[FK_RunID], [o].[Fullname], [o].[GivenName], [o].[JobTitle], [o].[Manager], [o].[ManagerFullName], [o].[ManagerID], [o].[ModifiedAt], [o].[SamAccountName], [o].[Surname], [o].[Tombstone], [o].[UserPrincipalName]
FROM [org].[OrganizationalChart] AS [o]
ORDER BY [o].[ID]
2024-03-18 16:14:30.4416 - INFO: Executing OkObjectResult, writing value of type 'ApplicationLayer.PagedList`1[[DomainLayer.Entities.OrganizationalChart, DomainLayer, Version=1.0.0.0, Culture=neutral, PublicKeyToken=null]]'.
2024-03-18 16:14:30.6216 - INFO: Executed action WebAPI.Controllers.OrganizationChartController.Get (WebAPI) in 8170.1832ms
2024-03-18 16:14:30.6216 - INFO: Executed endpoint 'WebAPI.Controllers.OrganizationChartController.Get (WebAPI)'
2024-03-18 16:14:30.6381 - INFO: Request finished HTTP/2 POST https://localhost:7096/api/OrganizationChart - 200 - application/json;+charset=utf-8 8269.5087ms
2024-03-18 16:17:43.5896 - INFO: User profile is available. Using 'C:\Users\dt226537\AppData\Local\ASP.NET\DataProtection-Keys' as key repository and Windows DPAPI to encrypt keys at rest.
2024-03-18 16:17:44.1396 - INFO: Now listening on: https://localhost:7096
2024-03-18 16:17:44.1396 - INFO: Now listening on: http://localhost:5009
2024-03-18 16:17:44.1396 - INFO: Application started. Press Ctrl+C to shut down.
2024-03-18 16:17:44.1396 - INFO: Hosting environment: Development
2024-03-18 16:17:44.1396 - INFO: Content root path: C:\Users\dt226537\OneDrive - SS&C Technologies, Inc\Latest_Files_25Jan2023\Project_Documents\Personal\Michel\New API\NewAPI\NewAPP\WebAPI
2024-03-18 16:17:51.9457 - INFO: Request starting HTTP/2 GET https://localhost:7096/swagger/index.html - - -
2024-03-18 16:17:52.6933 - INFO: Request finished HTTP/2 GET https://localhost:7096/swagger/index.html - 200 - text/html;charset=utf-8 760.2084ms
2024-03-18 16:17:52.7074 - INFO: Request starting HTTP/2 GET https://localhost:7096/_framework/aspnetcore-browser-refresh.js - - -
2024-03-18 16:17:52.7210 - INFO: Request starting HTTP/2 GET https://localhost:7096/_vs/browserLink - - -
2024-03-18 16:17:52.7296 - INFO: Request finished HTTP/2 GET https://localhost:7096/_framework/aspnetcore-browser-refresh.js - 200 13748 application/javascript;+charset=utf-8 22.1540ms
2024-03-18 16:17:52.8572 - INFO: Request finished HTTP/2 GET https://localhost:7096/_vs/browserLink - 200 - text/javascript;+charset=UTF-8 137.8733ms
2024-03-18 16:17:53.3658 - INFO: Request starting HTTP/2 GET https://localhost:7096/swagger/v1/swagger.json - - -
2024-03-18 16:17:53.6190 - INFO: Request finished HTTP/2 GET https://localhost:7096/swagger/v1/swagger.json - 200 - application/json;charset=utf-8 253.6145ms
2024-03-18 16:17:59.8579 - INFO: Request starting HTTP/2 POST https://localhost:7096/api/OrganizationChart - - 0
2024-03-18 16:17:59.8740 - INFO: CORS policy execution successful.
2024-03-18 16:17:59.8740 - INFO: Executing endpoint 'WebAPI.Controllers.OrganizationChartController.Get (WebAPI)'
2024-03-18 16:17:59.9231 - INFO: Route matched with {action = "Get", controller = "OrganizationChart"}. Executing controller action with signature System.Threading.Tasks.Task`1[Microsoft.AspNetCore.Mvc.IActionResult] Get(System.String, System.String, System.String, Int32, Int32) on controller WebAPI.Controllers.OrganizationChartController (WebAPI).
2024-03-18 16:18:05.3209 - INFO: This is an info message
2024-03-18 16:18:05.5119 - WARN: This is a warning message 
2024-03-18 16:18:05.7346 - ERROR: This is an error message
EXCEPTION: System.Exception: Exception of type 'System.Exception' was thrown.
2024-03-18 16:18:09.8773 - INFO: Executed DbCommand (64ms) [Parameters=[], CommandType='Text', CommandTimeout='30']
SELECT COUNT(*)
FROM [org].[OrganizationalChart] AS [o]
2024-03-18 16:18:10.0454 - INFO: Executed DbCommand (12ms) [Parameters=[], CommandType='Text', CommandTimeout='30']
SELECT [o].[ID], [o].[CreatedAt], [o].[Department], [o].[Email], [o].[FK_ProcessID], [o].[FK_RunID], [o].[Fullname], [o].[GivenName], [o].[JobTitle], [o].[Manager], [o].[ManagerFullName], [o].[ManagerID], [o].[ModifiedAt], [o].[SamAccountName], [o].[Surname], [o].[Tombstone], [o].[UserPrincipalName]
FROM [org].[OrganizationalChart] AS [o]
ORDER BY [o].[ID]
2024-03-18 16:21:28.4089 - INFO: Created a person {@person} at {now}
2024-03-18 16:21:30.6878 - INFO: User profile is available. Using 'C:\Users\dt226537\AppData\Local\ASP.NET\DataProtection-Keys' as key repository and Windows DPAPI to encrypt keys at rest.
2024-03-18 16:21:31.2521 - INFO: Now listening on: https://localhost:7096
2024-03-18 16:21:31.2521 - INFO: Now listening on: http://localhost:5009
2024-03-18 16:21:31.2521 - INFO: Application started. Press Ctrl+C to shut down.
2024-03-18 16:21:31.2521 - INFO: Hosting environment: Development
2024-03-18 16:21:31.2521 - INFO: Content root path: C:\Users\dt226537\OneDrive - SS&C Technologies, Inc\Latest_Files_25Jan2023\Project_Documents\Personal\Michel\New API\NewAPI\NewAPP\WebAPI
2024-03-18 16:21:32.1013 - INFO: Request starting HTTP/2 GET https://localhost:7096/swagger/index.html - - -
2024-03-18 16:21:32.7084 - INFO: Request finished HTTP/2 GET https://localhost:7096/swagger/index.html - 200 - text/html;charset=utf-8 620.9256ms
2024-03-18 16:21:32.7398 - INFO: Request starting HTTP/2 GET https://localhost:7096/_framework/aspnetcore-browser-refresh.js - - -
2024-03-18 16:21:32.7579 - INFO: Request finished HTTP/2 GET https://localhost:7096/_framework/aspnetcore-browser-refresh.js - 200 13748 application/javascript;+charset=utf-8 17.9707ms
2024-03-18 16:21:32.8278 - INFO: Request starting HTTP/2 GET https://localhost:7096/_vs/browserLink - - -
2024-03-18 16:21:32.9299 - INFO: Request finished HTTP/2 GET https://localhost:7096/_vs/browserLink - 200 - text/javascript;+charset=UTF-8 102.1158ms
2024-03-18 16:21:33.4368 - INFO: Request starting HTTP/2 GET https://localhost:7096/swagger/v1/swagger.json - - -
2024-03-18 16:21:33.6974 - INFO: Request finished HTTP/2 GET https://localhost:7096/swagger/v1/swagger.json - 200 - application/json;charset=utf-8 260.3942ms
2024-03-18 16:21:38.0960 - INFO: Request starting HTTP/2 POST https://localhost:7096/api/OrganizationChart - - 0
2024-03-18 16:21:38.1108 - INFO: CORS policy execution successful.
2024-03-18 16:21:38.1108 - INFO: Executing endpoint 'WebAPI.Controllers.OrganizationChartController.Get (WebAPI)'
2024-03-18 16:21:38.1594 - INFO: Route matched with {action = "Get", controller = "OrganizationChart"}. Executing controller action with signature System.Threading.Tasks.Task`1[Microsoft.AspNetCore.Mvc.IActionResult] Get(System.String, System.String, System.String, Int32, Int32) on controller WebAPI.Controllers.OrganizationChartController (WebAPI).
2024-03-18 16:21:38.1984 - INFO: This is an info message
2024-03-18 16:21:38.1984 - WARN: This is a warning message 
2024-03-18 16:21:38.1984 - ERROR: This is an error message
EXCEPTION: System.Exception: Exception of type 'System.Exception' was thrown.
2024-03-18 16:21:41.9616 - INFO: Executed DbCommand (58ms) [Parameters=[], CommandType='Text', CommandTimeout='30']
SELECT COUNT(*)
FROM [org].[OrganizationalChart] AS [o]
2024-03-18 16:21:42.0933 - INFO: Executed DbCommand (10ms) [Parameters=[], CommandType='Text', CommandTimeout='30']
SELECT [o].[ID], [o].[CreatedAt], [o].[Department], [o].[Email], [o].[FK_ProcessID], [o].[FK_RunID], [o].[Fullname], [o].[GivenName], [o].[JobTitle], [o].[Manager], [o].[ManagerFullName], [o].[ManagerID], [o].[ModifiedAt], [o].[SamAccountName], [o].[Surname], [o].[Tombstone], [o].[UserPrincipalName]
FROM [org].[OrganizationalChart] AS [o]
ORDER BY [o].[ID]
2024-03-18 16:21:42.2355 - INFO: Executing OkObjectResult, writing value of type 'ApplicationLayer.PagedList`1[[DomainLayer.Entities.OrganizationalChart, DomainLayer, Version=1.0.0.0, Culture=neutral, PublicKeyToken=null]]'.
2024-03-18 16:21:42.3986 - INFO: Executed action WebAPI.Controllers.OrganizationChartController.Get (WebAPI) in 4230.0908ms
2024-03-18 16:21:42.3986 - INFO: Executed endpoint 'WebAPI.Controllers.OrganizationChartController.Get (WebAPI)'
2024-03-18 16:21:42.4118 - INFO: Request finished HTTP/2 POST https://localhost:7096/api/OrganizationChart - 200 - application/json;+charset=utf-8 4316.7038ms
